{"numTotalTestSuites":4,"numPassedTestSuites":4,"numFailedTestSuites":0,"numPendingTestSuites":0,"numTotalTests":20,"numPassedTests":20,"numFailedTests":0,"numPendingTests":0,"numTodoTests":0,"snapshot":{"added":0,"failure":false,"filesAdded":0,"filesRemoved":0,"filesRemovedList":[],"filesUnmatched":0,"filesUpdated":0,"matched":0,"total":0,"unchecked":0,"uncheckedKeysByFile":[],"unmatched":0,"updated":0,"didUpdate":false},"startTime":1775397614013,"success":true,"testResults":[{"assertionResults":[{"ancestorTitles":["PageViewer"],"fullName":"PageViewer shows loading spinner when isLoading=true","status":"passed","title":"shows loading spinner when isLoading=true","duration":28.269799999999805,"failureMessages":[],"meta":{},"tags":[]},{"ancestorTitles":["PageViewer"],"fullName":"PageViewer shows empty state when no page","status":"passed","title":"shows empty state when no page","duration":5.739800000000059,"failureMessages":[],"meta":{},"tags":[]},{"ancestorTitles":["PageViewer"],"fullName":"PageViewer renders page title","status":"passed","title":"renders page title","duration":158.09979999999996,"failureMessages":[],"meta":{},"tags":[]},{"ancestorTitles":["PageViewer"],"fullName":"PageViewer renders breadcrumbs with category","status":"passed","title":"renders breadcrumbs with category","duration":20.57230000000004,"failureMessages":[],"meta":{},"tags":[]},{"ancestorTitles":["PageViewer"],"fullName":"PageViewer renders metadata bar","status":"passed","title":"renders metadata bar","duration":7.770500000000084,"failureMessages":[],"meta":{},"tags":[]},{"ancestorTitles":["PageViewer"],"fullName":"PageViewer renders tags","status":"passed","title":"renders tags","duration":6.740299999999934,"failureMessages":[],"meta":{},"tags":[]},{"ancestorTitles":["PageViewer"],"fullName":"PageViewer enters edit mode on Edit click","status":"passed","title":"enters edit mode on Edit click","duration":29.91730000000007,"failureMessages":[],"meta":{},"tags":[]},{"ancestorTitles":["PageViewer"],"fullName":"PageViewer textarea pre-fills with page markdown","status":"passed","title":"textarea pre-fills with page markdown","duration":15.255499999999984,"failureMessages":[],"meta":{},"tags":[]},{"ancestorTitles":["PageViewer"],"fullName":"PageViewer cancel returns to view mode","status":"passed","title":"cancel returns to view mode","duration":24.13480000000004,"failureMessages":[],"meta":{},"tags":[]},{"ancestorTitles":["PageViewer"],"fullName":"PageViewer calls onSave with correct args","status":"passed","title":"calls onSave with correct args","duration":25.31230000000005,"failureMessages":[],"meta":{},"tags":[]}],"startTime":1775397615468,"endTime":1775397615790.3123,"status":"passed","message":"","name":"C:/AIBrain/ContentManagementSystem/client/src/test/PageViewer.test.jsx"},{"assertionResults":[{"ancestorTitles":["Sidebar"],"fullName":"Sidebar renders category headers","status":"passed","title":"renders category headers","duration":36.03659999999991,"failureMessages":[],"meta":{},"tags":[]},{"ancestorTitles":["Sidebar"],"fullName":"Sidebar renders page titles","status":"passed","title":"renders page titles","duration":4.628100000000131,"failureMessages":[],"meta":{},"tags":[]},{"ancestorTitles":["Sidebar"],"fullName":"Sidebar marks active page","status":"passed","title":"marks active page","duration":4.551899999999932,"failureMessages":[],"meta":{},"tags":[]},{"ancestorTitles":["Sidebar"],"fullName":"Sidebar calls onSelectPage when page clicked","status":"passed","title":"calls onSelectPage when page clicked","duration":7.472400000000107,"failureMessages":[],"meta":{},"tags":[]},{"ancestorTitles":["Sidebar"],"fullName":"Sidebar collapses category on header click","status":"passed","title":"collapses category on header click","duration":7.663600000000088,"failureMessages":[],"meta":{},"tags":[]},{"ancestorTitles":["Sidebar"],"fullName":"Sidebar renders all tags","status":"passed","title":"renders all tags","duration":3.717800000000125,"failureMessages":[],"meta":{},"tags":[]},{"ancestorTitles":["Sidebar"],"fullName":"Sidebar active tag is highlighted","status":"passed","title":"active tag is highlighted","duration":2.596499999999878,"failureMessages":[],"meta":{},"tags":[]},{"ancestorTitles":["Sidebar"],"fullName":"Sidebar calls onTagSelect when tag clicked","status":"passed","title":"calls onTagSelect when tag clicked","duration":4.7263000000000375,"failureMessages":[],"meta":{},"tags":[]},{"ancestorTitles":["Sidebar"],"fullName":"Sidebar shows search results when searchQuery >= 2 chars","status":"passed","title":"shows search results when searchQuery >= 2 chars","duration":11.526100000000042,"failureMessages":[],"meta":{},"tags":[]},{"ancestorTitles":["Sidebar"],"fullName":"Sidebar shows no-match message when search returns empty","status":"passed","title":"shows no-match message when search returns empty","duration":10.06619999999998,"failureMessages":[],"meta":{},"tags":[]}],"startTime":1775397615469,"endTime":1775397615563.0662,"status":"passed","message":"","name":"C:/AIBrain/ContentManagementSystem/client/src/test/Sidebar.test.jsx"}]}